\BOOKMARK [0][-]{chapter*.1}{Abstract}{}% 1
\BOOKMARK [0][-]{chapter*.2}{Acknowledgements}{}% 2
\BOOKMARK [0][-]{chapter*.3}{Table of Contents}{}% 3
\BOOKMARK [0][-]{chapter*.3}{List of Tables}{}% 4
\BOOKMARK [0][-]{chapter*.4}{List of Figures}{}% 5
\BOOKMARK [0][-]{chapter*.6}{Abbreviations}{}% 6
\BOOKMARK [0][-]{chapter.1}{Introduction and Background}{}% 7
\BOOKMARK [0][-]{chapter.2}{Literature Review}{}% 8
\BOOKMARK [1][-]{section.2.1}{Analyzing and Detecting Employee's Emotion for Amelioration of Organizations}{chapter.2}% 9
\BOOKMARK [1][-]{section.2.2}{Deep Learning for Video Classiﬁcation and Captioning}{chapter.2}% 10
\BOOKMARK [2][-]{subsection.2.2.1}{Image-Based Video Classiﬁcation using CNN's and LSTM's}{section.2.2}% 11
\BOOKMARK [1][-]{section.2.3}{Subject independent facial expression recognition with robust face detection using a convolutional neural network}{chapter.2}% 12
\BOOKMARK [1][-]{section.2.4}{Neuromarketing - The Art and Science of Marketing and Neurosciences Enabled by IoT Technologies}{chapter.2}% 13
\BOOKMARK [1][-]{section.2.5}{Facial expression recognition with Convolutional Neural Networks: Coping with few data and the training sample order}{chapter.2}% 14
\BOOKMARK [2][-]{subsection.2.5.1}{Facial Expression Recognition System}{section.2.5}% 15
\BOOKMARK [1][-]{section.2.6}{Relevant Work and Critical Analysis}{chapter.2}% 16
\BOOKMARK [1][-]{section.2.7}{Conclusion}{chapter.2}% 17
\BOOKMARK [0][-]{chapter.3}{Methodology}{}% 18
\BOOKMARK [1][-]{section.3.1}{Languages}{chapter.3}% 19
\BOOKMARK [2][-]{subsection.3.1.1}{Java}{section.3.1}% 20
\BOOKMARK [2][-]{subsection.3.1.2}{Python}{section.3.1}% 21
\BOOKMARK [2][-]{subsection.3.1.3}{Node.JS}{section.3.1}% 22
\BOOKMARK [1][-]{section.3.2}{Framework}{chapter.3}% 23
\BOOKMARK [2][-]{subsection.3.2.1}{Tensorflow}{section.3.2}% 24
\BOOKMARK [2][-]{subsection.3.2.2}{Theano}{section.3.2}% 25
\BOOKMARK [2][-]{subsection.3.2.3}{Keras}{section.3.2}% 26
\BOOKMARK [1][-]{section.3.3}{Training}{chapter.3}% 27
\BOOKMARK [2][-]{subsection.3.3.1}{Training Locally}{section.3.3}% 28
\BOOKMARK [2][-]{subsection.3.3.2}{Cloud Training Platforms}{section.3.3}% 29
\BOOKMARK [2][-]{subsection.3.3.3}{AWS}{section.3.3}% 30
\BOOKMARK [2][-]{subsection.3.3.4}{Tensorport}{section.3.3}% 31
\BOOKMARK [2][-]{subsection.3.3.5}{FlyodHub}{section.3.3}% 32
\BOOKMARK [1][-]{section.3.4}{Containerization}{chapter.3}% 33
\BOOKMARK [2][-]{subsection.3.4.1}{Docker}{section.3.4}% 34
\BOOKMARK [2][-]{subsection.3.4.2}{Kubernetes}{section.3.4}% 35
\BOOKMARK [1][-]{section.3.5}{Deployment Platform}{chapter.3}% 36
\BOOKMARK [2][-]{subsection.3.5.1}{Google Cloud}{section.3.5}% 37
\BOOKMARK [2][-]{subsection.3.5.2}{AWS}{section.3.5}% 38
\BOOKMARK [0][-]{chapter.4}{System Design}{}% 39
\BOOKMARK [1][-]{section.4.1}{System Architecture}{chapter.4}% 40
\BOOKMARK [1][-]{section.4.2}{Machine Learning Model}{chapter.4}% 41
\BOOKMARK [1][-]{section.4.3}{Dataset}{chapter.4}% 42
\BOOKMARK [1][-]{section.4.4}{Node.JS App}{chapter.4}% 43
\BOOKMARK [1][-]{section.4.5}{Image Preprocessing}{chapter.4}% 44
\BOOKMARK [1][-]{section.4.6}{Tone Analyzing}{chapter.4}% 45
\BOOKMARK [1][-]{section.4.7}{Neural Network}{chapter.4}% 46
\BOOKMARK [0][-]{chapter.5}{Implementation}{}% 47
\BOOKMARK [1][-]{section.5.1}{section header 1}{chapter.5}% 48
\BOOKMARK [2][-]{subsection.5.1.1}{Subsection header 1}{section.5.1}% 49
\BOOKMARK [0][-]{chapter.6}{Testing and Evaluation}{}% 50
\BOOKMARK [1][-]{section.6.1}{section header 1}{chapter.6}% 51
\BOOKMARK [2][-]{subsection.6.1.1}{Subsection header 1}{section.6.1}% 52
\BOOKMARK [0][-]{chapter.7}{Results and Discussion}{}% 53
\BOOKMARK [1][-]{section.7.1}{section header 1}{chapter.7}% 54
\BOOKMARK [2][-]{subsection.7.1.1}{Subsection header 1}{section.7.1}% 55
\BOOKMARK [0][-]{chapter.8}{Conclusion and Further Work}{}% 56
\BOOKMARK [1][-]{section.8.1}{section header 1}{chapter.8}% 57
\BOOKMARK [2][-]{subsection.8.1.1}{Subsection header 1}{section.8.1}% 58
\BOOKMARK [0][-]{subsection.8.1.1}{Bibliography}{}% 59
\BOOKMARK [0][-]{chapter*.8}{Appendices}{}% 60
\BOOKMARK [1][-]{section.0.1}{ sample section header }{chapter*.8}% 61
