This is pdfTeX, Version 3.14159265-2.6-1.40.17 (MiKTeX 2.9.6210 64-bit) (preloaded format=pdflatex 2017.9.28)  20 MAR 2018 17:43
entering extended mode
**./Thesis.tex
(Thesis.tex
LaTeX2e <2017/01/01> patch level 1
Babel <3.9r> and hyphenation patterns for 75 language(s) loaded.
("C:\Program Files\MiKTeX 2.9\tex\latex\base\report.cls"
Document Class: report 2014/09/29 v1.4h Standard LaTeX document class
("C:\Program Files\MiKTeX 2.9\tex\latex\base\size12.clo"
File: size12.clo 2014/09/29 v1.4h Standard LaTeX file (size option)
)
\c@part=\count79
\c@chapter=\count80
\c@section=\count81
\c@subsection=\count82
\c@subsubsection=\count83
\c@paragraph=\count84
\c@subparagraph=\count85
\c@figure=\count86
\c@table=\count87
\abovecaptionskip=\skip41
\belowcaptionskip=\skip42
\bibindent=\dimen102
)
("C:\Program Files\MiKTeX 2.9\tex\latex\amsfonts\amsfonts.sty"
Package: amsfonts 2013/01/14 v3.01 Basic AMSFonts support
\@emptytoks=\toks14
\symAMSa=\mathgroup4
\symAMSb=\mathgroup5
LaTeX Font Info:    Overwriting math alphabet `\mathfrak' in version `bold'
(Font)                  U/euf/m/n --> U/euf/b/n on input line 106.
)
("C:\Program Files\MiKTeX 2.9\tex\latex\amsfonts\amssymb.sty"
Package: amssymb 2013/01/14 v3.01 AMS font symbols
)
("C:\Program Files\MiKTeX 2.9\tex\latex\amsmath\amsmath.sty"
Package: amsmath 2016/11/05 v2.16a AMS math features
\@mathmargin=\skip43

For additional information on amsmath, use the `?' option.
("C:\Program Files\MiKTeX 2.9\tex\latex\amsmath\amstext.sty"
Package: amstext 2000/06/29 v2.01 AMS text

("C:\Program Files\MiKTeX 2.9\tex\latex\amsmath\amsgen.sty"
File: amsgen.sty 1999/11/30 v2.0 generic functions
\@emptytoks=\toks15
\ex@=\dimen103
))
("C:\Program Files\MiKTeX 2.9\tex\latex\amsmath\amsbsy.sty"
Package: amsbsy 1999/11/29 v1.2d Bold Symbols
\pmbraise@=\dimen104
)
("C:\Program Files\MiKTeX 2.9\tex\latex\amsmath\amsopn.sty"
Package: amsopn 2016/03/08 v2.02 operator names
)
\inf@bad=\count88
LaTeX Info: Redefining \frac on input line 213.
\uproot@=\count89
\leftroot@=\count90
LaTeX Info: Redefining \overline on input line 375.
\classnum@=\count91
\DOTSCASE@=\count92
LaTeX Info: Redefining \ldots on input line 472.
LaTeX Info: Redefining \dots on input line 475.
LaTeX Info: Redefining \cdots on input line 596.
\Mathstrutbox@=\box26
\strutbox@=\box27
\big@size=\dimen105
LaTeX Font Info:    Redeclaring font encoding OML on input line 712.
LaTeX Font Info:    Redeclaring font encoding OMS on input line 713.
\macc@depth=\count93
\c@MaxMatrixCols=\count94
\dotsspace@=\muskip10
\c@parentequation=\count95
\dspbrk@lvl=\count96
\tag@help=\toks16
\row@=\count97
\column@=\count98
\maxfields@=\count99
\andhelp@=\toks17
\eqnshift@=\dimen106
\alignsep@=\dimen107
\tagshift@=\dimen108
\tagwidth@=\dimen109
\totwidth@=\dimen110
\lineht@=\dimen111
\@envbody=\toks18
\multlinegap=\skip44
\multlinetaggap=\skip45
\mathdisplay@stack=\toks19
LaTeX Info: Redefining \[ on input line 2817.
LaTeX Info: Redefining \] on input line 2818.
)
("C:\Program Files\MiKTeX 2.9\tex\latex\amscls\amsthm.sty"
Package: amsthm 2015/03/04 v2.20.2
\thm@style=\toks20
\thm@bodyfont=\toks21
\thm@headfont=\toks22
\thm@notefont=\toks23
\thm@headpunct=\toks24
\thm@preskip=\skip46
\thm@postskip=\skip47
\thm@headsep=\skip48
\dth@everypar=\toks25
)
("C:\Program Files\MiKTeX 2.9\tex\latex\base\newlfont.sty"
Package: newlfont 1998/08/17 v2.2m Standard LaTeX package
LaTeX Info: Redefining \em on input line 57.

("C:\Program Files\MiKTeX 2.9\tex\latex\base\latexsym.sty"
Package: latexsym 1998/08/17 v2.2e Standard LaTeX package (lasy symbols)
\symlasy=\mathgroup6
LaTeX Font Info:    Overwriting symbol font `lasy' in version `bold'
(Font)                  U/lasy/m/n --> U/lasy/b/n on input line 52.
))
("C:\Program Files\MiKTeX 2.9\tex\latex\graphics\graphicx.sty"
Package: graphicx 2014/10/28 v1.0g Enhanced LaTeX Graphics (DPC,SPQR)

("C:\Program Files\MiKTeX 2.9\tex\latex\graphics\keyval.sty"
Package: keyval 2014/10/28 v1.15 key=value parser (DPC)
\KV@toks@=\toks26
)
("C:\Program Files\MiKTeX 2.9\tex\latex\graphics\graphics.sty"
Package: graphics 2016/10/09 v1.0u Standard LaTeX Graphics (DPC,SPQR)

("C:\Program Files\MiKTeX 2.9\tex\latex\graphics\trig.sty"
Package: trig 2016/01/03 v1.10 sin cos tan (DPC)
)
("C:\Program Files\MiKTeX 2.9\tex\latex\graphics-cfg\graphics.cfg"
File: graphics.cfg 2016/06/04 v1.11 sample graphics configuration
)
Package graphics Info: Driver file: pdftex.def on input line 99.

("C:\Program Files\MiKTeX 2.9\tex\latex\graphics-def\pdftex.def"
File: pdftex.def 2017/01/12 v0.06k Graphics/color for pdfTeX

("C:\Program Files\MiKTeX 2.9\tex\generic\oberdiek\infwarerr.sty"
Package: infwarerr 2016/05/16 v1.4 Providing info/warning/error messages (HO)
)
("C:\Program Files\MiKTeX 2.9\tex\generic\oberdiek\ltxcmds.sty"
Package: ltxcmds 2016/05/16 v1.23 LaTeX kernel commands for general use (HO)
)
\Gread@gobject=\count100
))
\Gin@req@height=\dimen112
\Gin@req@width=\dimen113
)
("C:\Program Files\MiKTeX 2.9\tex\latex\tools\tabularx.sty"
Package: tabularx 2016/02/03 v2.11 `tabularx' package (DPC)

("C:\Program Files\MiKTeX 2.9\tex\latex\tools\array.sty"
Package: array 2016/10/06 v2.4d Tabular extension package (FMi)
\col@sep=\dimen114
\extrarowheight=\dimen115
\NC@list=\toks27
\extratabsurround=\skip49
\backup@length=\skip50
)
\TX@col@width=\dimen116
\TX@old@table=\dimen117
\TX@old@col=\dimen118
\TX@target=\dimen119
\TX@delta=\dimen120
\TX@cols=\count101
\TX@ftn=\toks28
)
("C:\Program Files\MiKTeX 2.9\tex\latex\tools\longtable.sty"
Package: longtable 2014/10/28 v4.11 Multi-page Table package (DPC)
\LTleft=\skip51
\LTright=\skip52
\LTpre=\skip53
\LTpost=\skip54
\LTchunksize=\count102
\LTcapwidth=\dimen121
\LT@head=\box28
\LT@firsthead=\box29
\LT@foot=\box30
\LT@lastfoot=\box31
\LT@cols=\count103
\LT@rows=\count104
\c@LT@tables=\count105
\c@LT@chunks=\count106
\LT@p@ftn=\toks29
)
("C:\Program Files\MiKTeX 2.9\tex\latex\graphics\lscape.sty"
Package: lscape 2000/10/22 v3.01 Landscape Pages (DPC)
)
(C:\Users\aaron\AppData\Roaming\MiKTeX\2.9\tex\latex\natbib\natbib.sty
Package: natbib 2010/09/13 8.31b (PWD, AO)
\bibhang=\skip55
\bibsep=\skip56
LaTeX Info: Redefining \cite on input line 694.
\c@NAT@ctr=\count107
)
("C:\Program Files\MiKTeX 2.9\tex\latex\geometry\geometry.sty"
Package: geometry 2010/09/12 v5.6 Page Geometry

("C:\Program Files\MiKTeX 2.9\tex\generic\oberdiek\ifpdf.sty"
Package: ifpdf 2016/05/14 v3.1 Provides the ifpdf switch
)
("C:\Program Files\MiKTeX 2.9\tex\generic\oberdiek\ifvtex.sty"
Package: ifvtex 2016/05/16 v1.6 Detect VTeX and its facilities (HO)
Package ifvtex Info: VTeX not detected.
)
("C:\Program Files\MiKTeX 2.9\tex\generic\ifxetex\ifxetex.sty"
Package: ifxetex 2010/09/12 v0.6 Provides ifxetex conditional
)
\Gm@cnth=\count108
\Gm@cntv=\count109
\c@Gm@tempcnt=\count110
\Gm@bindingoffset=\dimen122
\Gm@wd@mp=\dimen123
\Gm@odd@mp=\dimen124
\Gm@even@mp=\dimen125
\Gm@layoutwidth=\dimen126
\Gm@layoutheight=\dimen127
\Gm@layouthoffset=\dimen128
\Gm@layoutvoffset=\dimen129
\Gm@dimlist=\toks30

("C:\Program Files\MiKTeX 2.9\tex\latex\geometry\geometry.cfg"))
("C:\Program Files\MiKTeX 2.9\tex\latex\fancyhdr\fancyhdr.sty"
Package: fancyhdr 2016/09/06 3.8 Extensive control of page headers and footers
\fancy@headwidth=\skip57
\f@ncyO@elh=\skip58
\f@ncyO@erh=\skip59
\f@ncyO@olh=\skip60
\f@ncyO@orh=\skip61
\f@ncyO@elf=\skip62
\f@ncyO@erf=\skip63
\f@ncyO@olf=\skip64
\f@ncyO@orf=\skip65
) (xthesis.sty
Document Style Option `ITBthesis'.
) (xtocinc.sty
\tclineskip=\skip66
) ("C:\Program Files\MiKTeX 2.9\tex\latex\subfigure\subfigure.sty"
Package: subfigure 2002/07/30 v2.1.4 subfigure package
\subfigtopskip=\skip67
\subfigcapskip=\skip68
\subfigcaptopadj=\dimen130
\subfigbottomskip=\skip69
\subfigcapmargin=\dimen131
\subfiglabelskip=\skip70
\c@subfigure=\count111
\c@lofdepth=\count112
\c@subtable=\count113
\c@lotdepth=\count114

****************************************
* Local config file subfigure.cfg used *
****************************************
("C:\Program Files\MiKTeX 2.9\tex\latex\subfigure\subfigure.cfg")
\subfig@top=\skip71
\subfig@bottom=\skip72
)
("C:\Program Files\MiKTeX 2.9\tex\latex\psnfss\times.sty"
Package: times 2005/04/12 PSNFSS-v9.2a (SPQR) 
)
("C:\Program Files\MiKTeX 2.9\tex\latex\hyperref\hyperref.sty"
Package: hyperref 2016/06/24 v6.83q Hypertext links for LaTeX

("C:\Program Files\MiKTeX 2.9\tex\generic\oberdiek\hobsub-hyperref.sty"
Package: hobsub-hyperref 2016/05/16 v1.14 Bundle oberdiek, subset hyperref (HO)


("C:\Program Files\MiKTeX 2.9\tex\generic\oberdiek\hobsub-generic.sty"
Package: hobsub-generic 2016/05/16 v1.14 Bundle oberdiek, subset generic (HO)
Package: hobsub 2016/05/16 v1.14 Construct package bundles (HO)
Package hobsub Info: Skipping package `infwarerr' (already loaded).
Package hobsub Info: Skipping package `ltxcmds' (already loaded).
Package: ifluatex 2016/05/16 v1.4 Provides the ifluatex switch (HO)
Package ifluatex Info: LuaTeX not detected.
Package hobsub Info: Skipping package `ifvtex' (already loaded).
Package: intcalc 2016/05/16 v1.2 Expandable calculations with integers (HO)
Package hobsub Info: Skipping package `ifpdf' (already loaded).
Package: etexcmds 2016/05/16 v1.6 Avoid name clashes with e-TeX commands (HO)
Package etexcmds Info: Could not find \expanded.
(etexcmds)             That can mean that you are not using pdfTeX 1.50 or
(etexcmds)             that some package has redefined \expanded.
(etexcmds)             In the latter case, load this package earlier.
Package: kvsetkeys 2016/05/16 v1.17 Key value parser (HO)
Package: kvdefinekeys 2016/05/16 v1.4 Define keys (HO)
Package: pdftexcmds 2016/05/21 v0.22 Utility functions of pdfTeX for LuaTeX (HO
)
Package pdftexcmds Info: LuaTeX not detected.
Package pdftexcmds Info: \pdf@primitive is available.
Package pdftexcmds Info: \pdf@ifprimitive is available.
Package pdftexcmds Info: \pdfdraftmode found.
Package: pdfescape 2016/05/16 v1.14 Implements pdfTeX's escape features (HO)
Package: bigintcalc 2016/05/16 v1.4 Expandable calculations on big integers (HO
)
Package: bitset 2016/05/16 v1.2 Handle bit-vector datatype (HO)
Package: uniquecounter 2016/05/16 v1.3 Provide unlimited unique counter (HO)
)
Package hobsub Info: Skipping package `hobsub' (already loaded).
Package: letltxmacro 2016/05/16 v1.5 Let assignment for LaTeX macros (HO)
Package: hopatch 2016/05/16 v1.3 Wrapper for package hooks (HO)
Package: xcolor-patch 2016/05/16 xcolor patch
Package: atveryend 2016/05/16 v1.9 Hooks at the very end of document (HO)
Package atveryend Info: \enddocument detected (standard20110627).
Package: atbegshi 2016/06/09 v1.18 At begin shipout hook (HO)
Package: refcount 2016/05/16 v3.5 Data extraction from label references (HO)
Package: hycolor 2016/05/16 v1.8 Color options for hyperref/bookmark (HO)
)
("C:\Program Files\MiKTeX 2.9\tex\latex\oberdiek\auxhook.sty"
Package: auxhook 2016/05/16 v1.4 Hooks for auxiliary files (HO)
)
("C:\Program Files\MiKTeX 2.9\tex\latex\oberdiek\kvoptions.sty"
Package: kvoptions 2016/05/16 v3.12 Key value format for package options (HO)
)
\@linkdim=\dimen132
\Hy@linkcounter=\count115
\Hy@pagecounter=\count116

("C:\Program Files\MiKTeX 2.9\tex\latex\hyperref\pd1enc.def"
File: pd1enc.def 2016/06/24 v6.83q Hyperref: PDFDocEncoding definition (HO)
)
\Hy@SavedSpaceFactor=\count117

("C:\Program Files\MiKTeX 2.9\tex\latex\00miktex\hyperref.cfg"
File: hyperref.cfg 2002/06/06 v1.2 hyperref configuration of TeXLive
)
Package hyperref Info: Hyper figures OFF on input line 4486.
Package hyperref Info: Link nesting OFF on input line 4491.
Package hyperref Info: Hyper index ON on input line 4494.
Package hyperref Info: Plain pages OFF on input line 4501.
Package hyperref Info: Backreferencing OFF on input line 4506.
Package hyperref Info: Implicit mode ON; LaTeX internals redefined.
Package hyperref Info: Bookmarks ON on input line 4735.
\c@Hy@tempcnt=\count118

("C:\Program Files\MiKTeX 2.9\tex\latex\url\url.sty"
\Urlmuskip=\muskip11
Package: url 2013/09/16  ver 3.4  Verb mode for urls, etc.
)
LaTeX Info: Redefining \url on input line 5088.
\XeTeXLinkMargin=\dimen133
\Fld@menulength=\count119
\Field@Width=\dimen134
\Fld@charsize=\dimen135
Package hyperref Info: Hyper figures OFF on input line 6342.
Package hyperref Info: Link nesting OFF on input line 6347.
Package hyperref Info: Hyper index ON on input line 6350.
Package hyperref Info: backreferencing OFF on input line 6357.
Package hyperref Info: Link coloring OFF on input line 6362.
Package hyperref Info: Link coloring with OCG OFF on input line 6367.
Package hyperref Info: PDF/A mode OFF on input line 6372.
LaTeX Info: Redefining \ref on input line 6412.
LaTeX Info: Redefining \pageref on input line 6416.
\Hy@abspage=\count120
\c@Item=\count121
\c@Hfootnote=\count122
)

Package hyperref Message: Driver (autodetected): hpdftex.

("C:\Program Files\MiKTeX 2.9\tex\latex\hyperref\hpdftex.def"
File: hpdftex.def 2016/06/24 v6.83q Hyperref driver for pdfTeX
\Fld@listcount=\count123
\c@bookmark@seq@number=\count124

("C:\Program Files\MiKTeX 2.9\tex\latex\oberdiek\rerunfilecheck.sty"
Package: rerunfilecheck 2016/05/16 v1.8 Rerun checks for auxiliary files (HO)
Package uniquecounter Info: New unique counter `rerunfilecheck' on input line 2
82.
)
\Hy@SectionHShift=\skip73
)

LaTeX Warning: Unused global option(s):
    [ITBthesis].

(Thesis.aux (abstract.aux) (acknowledgement.aux) (abbreviations.aux)
(chapter1.aux

LaTeX Warning: Label `stop' multiply defined.


LaTeX Warning: Label `stop' multiply defined.


LaTeX Warning: Label `stop' multiply defined.


LaTeX Warning: Label `stop' multiply defined.


LaTeX Warning: Label `stop' multiply defined.


LaTeX Warning: Label `stop' multiply defined.


LaTeX Warning: Label `stop' multiply defined.


LaTeX Warning: Label `stop' multiply defined.


LaTeX Warning: Label `stop' multiply defined.


LaTeX Warning: Label `stop' multiply defined.

) (appendix.aux))
\openout1 = `Thesis.aux'.

LaTeX Font Info:    Checking defaults for OML/cmm/m/it on input line 29.
LaTeX Font Info:    ... okay on input line 29.
LaTeX Font Info:    Checking defaults for T1/cmr/m/n on input line 29.
LaTeX Font Info:    ... okay on input line 29.
LaTeX Font Info:    Checking defaults for OT1/cmr/m/n on input line 29.
LaTeX Font Info:    ... okay on input line 29.
LaTeX Font Info:    Checking defaults for OMS/cmsy/m/n on input line 29.
LaTeX Font Info:    ... okay on input line 29.
LaTeX Font Info:    Checking defaults for OMX/cmex/m/n on input line 29.
LaTeX Font Info:    ... okay on input line 29.
LaTeX Font Info:    Checking defaults for U/cmr/m/n on input line 29.
LaTeX Font Info:    ... okay on input line 29.
LaTeX Font Info:    Checking defaults for PD1/pdf/m/n on input line 29.
LaTeX Font Info:    ... okay on input line 29.
LaTeX Font Info:    Try loading font information for OT1+ptm on input line 29.
 ("C:\Program Files\MiKTeX 2.9\tex\latex\psnfss\ot1ptm.fd"
File: ot1ptm.fd 2001/06/04 font definitions for OT1/ptm.
)
("C:\Program Files\MiKTeX 2.9\tex\context\base\supp-pdf.mkii"
[Loading MPS to PDF converter (version 2006.09.02).]
\scratchcounter=\count125
\scratchdimen=\dimen136
\scratchbox=\box32
\nofMPsegments=\count126
\nofMParguments=\count127
\everyMPshowfont=\toks31
\MPscratchCnt=\count128
\MPscratchDim=\dimen137
\MPnumerator=\count129
\makeMPintoPDFobject=\count130
\everyMPtoPDFconversion=\toks32
) ("C:\Program Files\MiKTeX 2.9\tex\latex\oberdiek\epstopdf-base.sty"
Package: epstopdf-base 2016/05/15 v2.6 Base part for package epstopdf

("C:\Program Files\MiKTeX 2.9\tex\latex\oberdiek\grfext.sty"
Package: grfext 2016/05/16 v1.2 Manage graphics extensions (HO)
)
Package epstopdf-base Info: Redefining graphics rule for `.eps' on input line 4
38.
Package grfext Info: Graphics extension search list:
(grfext)             [.png,.pdf,.jpg,.mps,.jpeg,.jbig2,.jb2,.PNG,.PDF,.JPG,.JPE
G,.JBIG2,.JB2,.eps]
(grfext)             \AppendGraphicsExtensions on input line 456.
)
*geometry* driver: auto-detecting
*geometry* detected driver: pdftex
*geometry* verbose mode - [ preamble ] result:
* driver: pdftex
* paper: <default>
* layout: <same size as paper>
* layoutoffset:(h,v)=(0.0pt,0.0pt)
* modes: 
* h-part:(L,W,R)=(92.14519pt, 430.00462pt, 92.14519pt)
* v-part:(T,H,B)=(95.39737pt, 556.47656pt, 143.09605pt)
* \paperwidth=614.295pt
* \paperheight=794.96999pt
* \textwidth=441.01772pt
* \textheight=617.42471pt
* \oddsidemargin=34.14322pt
* \evensidemargin=0.0pt
* \topmargin=0.0pt
* \headheight=12.0pt
* \headsep=22.76228pt
* \topskip=12.0pt
* \footskip=30.0pt
* \marginparwidth=40.0pt
* \marginparsep=10.0pt
* \columnsep=10.0pt
* \skip\footins=10.8pt plus 4.0pt minus 2.0pt
* \hoffset=0.0pt
* \voffset=0.0pt
* \mag=1000
* \@twocolumnfalse
* \@twosidefalse
* \@mparswitchfalse
* \@reversemarginfalse
* (1in=72.27pt=25.4mm, 1cm=28.453pt)

\AtBeginShipoutBox=\box33
Package hyperref Info: Link coloring OFF on input line 29.
("C:\Program Files\MiKTeX 2.9\tex\latex\hyperref\nameref.sty"
Package: nameref 2016/05/21 v2.44 Cross-referencing by name of section

("C:\Program Files\MiKTeX 2.9\tex\generic\oberdiek\gettitlestring.sty"
Package: gettitlestring 2016/05/16 v1.5 Cleanup title references (HO)
)
\c@section@level=\count131
)
LaTeX Info: Redefining \ref on input line 29.
LaTeX Info: Redefining \pageref on input line 29.
LaTeX Info: Redefining \nameref on input line 29.

(Thesis.out) (Thesis.out)
\@outlinefile=\write3
\openout3 = `Thesis.out'.

\defbaselineskip=\skip74
\c@thm=\count132
\c@defn=\count133
\c@rem=\count134

Most over/underfulls in first few pages are the fault of dalthesis.
Ignore all them. If uncorrectable errors occur, notify staff.
[1

{C:/Users/aaron/AppData/Local/MiKTeX/2.9/pdftex/config/pdftex.map}]
LaTeX Font Info:    Font shape `OT1/ptm/bx/n' in size <12> not available
(Font)              Font shape `OT1/ptm/b/n' tried instead on input line 157.

Underfull \hbox (badness 10000) in paragraph at lines 157--157

 []

Missing character: There is no â in font ptmr7t!
Missing character: There is no € in font ptmr7t!
Missing character: There is no ™ in font ptmr7t!

Underfull \hbox (badness 10000) in paragraph at lines 157--157

 []

[2]
\openout2 = `abstract.aux'.


No file abstract.tex.
Acknowledgements
\openout2 = `acknowledgement.aux'.

No file acknowledgement.tex.
(Thesis.lot)
\tf@lot=\write4
\openout4 = `Thesis.lot'.

 (Thesis.lot)
\tf@lot=\write5
\openout5 = `Thesis.lot'.


Abbreviations
\openout2 = `abbreviations.aux'.

No file abbreviations.tex.
Dalthesis preface pages completed.

Package Fancyhdr Warning: \fancyhead's `E' option without twoside option is use
less on input line 186.


Package Fancyhdr Warning: \fancyhead's `E' option without twoside option is use
less on input line 187.

\openout2 = `chapter1.aux'.

(chapter1.tex
LaTeX Font Info:    Font shape `OT1/ptm/bx/n' in size <24.88> not available
(Font)              Font shape `OT1/ptm/b/n' tried instead on input line 1.
LaTeX Font Info:    Font shape `OT1/ptm/bx/n' in size <17.28> not available
(Font)              Font shape `OT1/ptm/b/n' tried instead on input line 3.
LaTeX Font Info:    Font shape `OT1/ptm/bx/n' in size <14.4> not available
(Font)              Font shape `OT1/ptm/b/n' tried instead on input line 7.
LaTeX Font Info:    Try loading font information for OMS+ptm on input line 12.
 ("C:\Program Files\MiKTeX 2.9\tex\latex\psnfss\omsptm.fd"
File: omsptm.fd 
)
LaTeX Font Info:    Font shape `OMS/ptm/m/n' in size <12> not available
(Font)              Font shape `OMS/cmsy/m/n' tried instead on input line 12.

[1








]
LaTeX Font Info:    Try loading font information for OT1+bch on input line 45.
 ("C:\Program Files\MiKTeX 2.9\tex\latex\psnfss\ot1bch.fd"
File: ot1bch.fd 2004/10/18 font definitions for OT1/bch.
) [2]
<__resources/machine_learning.png, id=70, 1027.84pt x 770.88pt>
File: __resources/machine_learning.png Graphic file (type png)

<use __resources/machine_learning.png>
Package pdftex.def Info: __resources/machine_learning.png used on input line 50
.
(pdftex.def)             Requested size: 411.12872pt x 308.34654pt.
 [3 <./__resources/machine_learning.png>] <__resources/deep_learning.png, id=81
, 1027.84pt x 770.88pt>
File: __resources/deep_learning.png Graphic file (type png)

<use __resources/deep_learning.png>
Package pdftex.def Info: __resources/deep_learning.png used on input line 64.
(pdftex.def)             Requested size: 411.12872pt x 308.34654pt.
 [4 <./__resources/deep_learning.png>]
<__resources/robotics.png, id=87, 1027.84pt x 770.88pt>
File: __resources/robotics.png Graphic file (type png)

<use __resources/robotics.png>
Package pdftex.def Info: __resources/robotics.png used on input line 79.
(pdftex.def)             Requested size: 411.12872pt x 308.34654pt.
 [5 <./__resources/robotics.png>]
Underfull \hbox (badness 10000) in paragraph at lines 94--95

 []


Underfull \hbox (badness 10000) in paragraph at lines 94--95

 []


Underfull \hbox (badness 10000) in paragraph at lines 97--101

 []

<__resources/stop.JPG, id=94, 483.30562pt x 296.10625pt>
File: __resources/stop.JPG Graphic file (type jpg)

<use __resources/stop.JPG>
Package pdftex.def Info: __resources/stop.JPG used on input line 110.
(pdftex.def)             Requested size: 338.31163pt x 207.27295pt.
 [6]
Underfull \hbox (badness 10000) in paragraph at lines 116--119

 []

<__resources/1.JPG, id=102, 547.04375pt x 317.185pt>
File: __resources/1.JPG Graphic file (type jpg)
 <use __resources/1.JPG>
Package pdftex.def Info: __resources/1.JPG used on input line 129.
(pdftex.def)             Requested size: 437.63559pt x 253.74832pt.

Underfull \hbox (badness 10000) in paragraph at lines 122--134

 []

[7 <./__resources/stop.JPG>] [8 <./__resources/1.JPG>]
Underfull \hbox (badness 10000) in paragraph at lines 141--142

 []


Overfull \hbox (2.05591pt too wide) in paragraph at lines 145--146
\OT1/ptm/m/n/12 With TD-IDF, us-ing ab-so-lute prun-ing be-tween 2 and 15, an a
c-cu-racy of 86.67% was achieved.
 []

<__resources/tdidf.JPG, id=113, 678.03313pt x 176.15813pt>
File: __resources/tdidf.JPG Graphic file (type jpg)

<use __resources/tdidf.JPG>
Package pdftex.def Info: __resources/tdidf.JPG used on input line 151.
(pdftex.def)             Requested size: 406.82301pt x 105.69568pt.
 [9 <./__resources/tdidf.JPG>]
<__resources/to.JPG, id=121, 677.53125pt x 161.60374pt>
File: __resources/to.JPG Graphic file (type jpg)

<use __resources/to.JPG>
Package pdftex.def Info: __resources/to.JPG used on input line 168.
(pdftex.def)             Requested size: 406.52188pt x 96.96298pt.
 [10 <./__resources/to.JPG>]
<__resources/kmeans1.JPG, id=130, 628.3475pt x 387.4475pt>
File: __resources/kmeans1.JPG Graphic file (type jpg)

<use __resources/kmeans1.JPG>
Package pdftex.def Info: __resources/kmeans1.JPG used on input line 196.
(pdftex.def)             Requested size: 377.0114pt x 232.47029pt.
 [11 <./__resources/kmeans1.JPG>]
<__resources/kmeans2.JPG, id=139, 632.3625pt x 393.47pt>
File: __resources/kmeans2.JPG Graphic file (type jpg)

<use __resources/kmeans2.JPG>
Package pdftex.def Info: __resources/kmeans2.JPG used on input line 208.
(pdftex.def)             Requested size: 379.42043pt x 236.0838pt.

<__resources/agg1.JPG, id=140, 444.15938pt x 387.4475pt>
File: __resources/agg1.JPG Graphic file (type jpg)

<use __resources/agg1.JPG>
Package pdftex.def Info: __resources/agg1.JPG used on input line 221.
(pdftex.def)             Requested size: 310.90944pt x 271.2114pt.
 [12 <./__resources/kmeans2.JPG>] [13 <./__resources/agg1.JPG>] <__resources/kn
n1.JPG, id=153, 701.11937pt x 156.585pt>
File: __resources/knn1.JPG Graphic file (type jpg)

<use __resources/knn1.JPG>
Package pdftex.def Info: __resources/knn1.JPG used on input line 243.
(pdftex.def)             Requested size: 490.7802pt x 109.60873pt.

<__resources/bayes1.JPG, id=154, 704.13063pt x 154.5775pt>
File: __resources/bayes1.JPG Graphic file (type jpg)

<use __resources/bayes1.JPG>
Package pdftex.def Info: __resources/bayes1.JPG used on input line 258.
(pdftex.def)             Requested size: 492.88808pt x 108.20349pt.
 [14 <./__resources/knn1.JPG>]
<__resources/cluster-eval.JPG, id=162, 679.53876pt x 384.43625pt>
File: __resources/cluster-eval.JPG Graphic file (type jpg)

<use __resources/cluster-eval.JPG>
Package pdftex.def Info: __resources/cluster-eval.JPG used on input line 276.
(pdftex.def)             Requested size: 475.67389pt x 269.10353pt.
 [15 <./__resources/bayes1.JPG>]
<__resources/db.JPG, id=171, 382.42876pt x 98.86937pt>
File: __resources/db.JPG Graphic file (type jpg)

<use __resources/db.JPG>
Package pdftex.def Info: __resources/db.JPG used on input line 290.
(pdftex.def)             Requested size: 344.1827pt x 88.9816pt.
 [16 <./__resources/cluster-eval.JPG>]) [17 <./__resources/db.JPG>]
\openout2 = `appendix.aux'.

 (appendix.tex
Overfull \hbox (10.69148pt too wide) in paragraph at lines 20--21
[]\OT1/ptm/m/n/12 https://nlp.stanford.edu/IR-book/html/htmledition/naive-bayes
-text-classification-1.html 
 []


Overfull \hbox (36.69577pt too wide) in paragraph at lines 24--25
[]\OT1/ptm/m/n/12 https://medium.com/@adi.bronshtein/a-quick-introduction-to-k-
nearest-neighbors-algorithm-
 []

[18



]
Overfull \hbox (7.9204pt too wide) in paragraph at lines 36--37
[]\OT1/ptm/m/n/12 https://www.datacamp.com/community/tutorials/convolutional-ne
ural-networks-python 
 []


Overfull \hbox (26.00441pt too wide) in paragraph at lines 38--39
[]\OT1/ptm/m/n/12 https://www.mathworks.com/videos/introduction-to-deep-learnin
g-what-are-convolutional-
 []


Overfull \hbox (24.01236pt too wide) in paragraph at lines 42--43
[]\OT1/ptm/m/n/12 https://www.analyticsvidhya.com/blog/2017/12/introduction-to-
recurrent-neural-networks/ 
 []


Overfull \hbox (5.35217pt too wide) in paragraph at lines 46--47
[]\OT1/ptm/m/n/12 https://towardsdatascience.com/understanding-recurrent-neural
-networks-the-prefered-
 []


Overfull \hbox (13.1289pt too wide) in paragraph at lines 59--60
[]\OT1/ptm/m/n/12 https://www.theguardian.com/technology/2018/feb/13/boston-dyn
amics-spot-mini-door-
 []


Overfull \hbox (2.43642pt too wide) in paragraph at lines 61--62
[]\OT1/ptm/m/n/12 https://www.roboticstomorrow.com/article/2018/02/danish-robot
-hands-pack-delicate-
 []


Overfull \hbox (18.81596pt too wide) in paragraph at lines 63--64
[]\OT1/ptm/m/n/12 https://www.wsj.com/articles/the-robot-revolution-humanoid-po
tential-moving-upstream-
 []


Overfull \hbox (12.28853pt too wide) in paragraph at lines 65--66
[]\OT1/ptm/m/n/12 http://theconversation.com/how-robot-math-and-smartphones-led
-researchers-to-a-drug-
 []

[19]
Overfull \hbox (9.60083pt too wide) in paragraph at lines 77--78
[]\OT1/ptm/m/n/12 https://www.theguardian.com/technology/2017/aug/20/elon-musk-
killer-robots-experts-
 []


Overfull \hbox (57.08386pt too wide) in paragraph at lines 84--85
[]\OT1/ptm/m/n/12 https://stackoverflow.com/questions/10059594/a-simple-explana
tion-of-naive-bayes-classification 
 []


Overfull \hbox (88.14975pt too wide) in paragraph at lines 88--89
[]\OT1/ptm/m/n/12 https://docs.rapidminer.com/latest/studio/operators/modeling/
predictive/trees/parallel[]decision[]tree.html 
 []


Overfull \hbox (5.55598pt too wide) in paragraph at lines 94--95
[]\OT1/ptm/m/n/12 https://jamesmccaffrey.wordpress.com/2016/12/28/restricted-bo
ltzmann-machines-are-
 []


Overfull \hbox (54.95903pt too wide) in paragraph at lines 96--97
[]\OT1/ptm/m/n/12 https://cosmosmagazine.com/physics/robots-bring-asia-into-the
-ai-research-ethics-debateRegular
 []


Overfull \hbox (31.71666pt too wide) in paragraph at lines 98--99
[]\OT1/ptm/m/n/12 https://www.bloomberg.com/news/articles/2017-06-09/softbank-a
grees-to-buy-robot-maker-
 []


Overfull \hbox (5.79568pt too wide) in paragraph at lines 100--101
[]\OT1/ptm/m/n/12 https://theconversation.com/how-artificial-intelligence-and-t
he-robotic-revolution-will-
 []

[20] [21] [22])
Package atveryend Info: Empty hook `BeforeClearDocument' on input line 195.
Package atveryend Info: Empty hook `AfterLastShipout' on input line 195.
 (Thesis.aux (abstract.aux) (acknowledgement.aux)
(abbreviations.aux) (chapter1.aux) (appendix.aux))
Package atveryend Info: Executing hook `AtVeryEndDocument' on input line 195.
Package atveryend Info: Executing hook `AtEndAfterFileList' on input line 195.
Package rerunfilecheck Info: File `Thesis.out' has not changed.
(rerunfilecheck)             Checksum: 10D3CD169A542647155771A68D568840;625.


LaTeX Warning: There were multiply-defined labels.

Package atveryend Info: Empty hook `AtVeryVeryEnd' on input line 195.
 )
(\end occurred when \iftrue on line 157 was incomplete) 
Here is how much of TeX's memory you used:
 7684 strings out of 493333
 108098 string characters out of 3139194
 207426 words of memory out of 3000000
 10989 multiletter control sequences out of 15000+200000
 22746 words of font info for 39 fonts, out of 3000000 for 9000
 1141 hyphenation exceptions out of 8191
 28i,10n,43p,686b,394s stack positions out of 5000i,500n,10000p,200000b,50000s
{C:/Program Files/MiKTeX
 2.9/fonts/enc/dvips/base/8r.enc}<C:/Program Files/MiKTeX 2.9/fonts/type1/bitst
rea/charter/bchb8a.pfb><C:/Program Files/MiKTeX 2.9/fonts/type1/public/amsfonts
/cm/cmsy10.pfb><C:/Program Files/MiKTeX 2.9/fonts/type1/urw/times/utmb8a.pfb><C
:/Program Files/MiKTeX 2.9/fonts/type1/urw/times/utmr8a.pfb><C:/Program Files/M
iKTeX 2.9/fonts/type1/urw/times/utmri8a.pfb>
Output written on Thesis.pdf (24 pages, 1706951 bytes).
PDF statistics:
 241 PDF objects out of 1000 (max. 8388607)
 72 named destinations out of 1000 (max. 500000)
 151 words of extra memory for PDF output out of 10000 (max. 10000000)

